<?xml version="1.0" encoding="UTF-8"?>
<coverage generated="1733084891770" clover="3.2.0">
  <project timestamp="1733084891770" name="All files">
    <metrics statements="225" coveredstatements="209" conditionals="70" coveredconditionals="64" methods="62" coveredmethods="50" elements="357" coveredelements="323" complexity="0" loc="225" ncloc="225" packages="1" files="10" classes="10"/>
    <file name="Checks.ts" path="/Users/felixz/Projects/elics/src/Checks.ts">
      <metrics statements="14" coveredstatements="13" conditionals="5" coveredconditionals="4" methods="3" coveredmethods="3"/>
      <line num="1" count="1" type="stmt"/>
      <line num="3" count="1" type="stmt"/>
      <line num="4" count="21" type="stmt"/>
      <line num="7" count="1" type="cond" truecount="2" falsecount="0"/>
      <line num="8" count="1" type="stmt"/>
      <line num="9" count="1" type="stmt"/>
      <line num="10" count="1" type="stmt"/>
      <line num="11" count="1" type="stmt"/>
      <line num="12" count="1" type="stmt"/>
      <line num="13" count="1" type="stmt"/>
      <line num="14" count="1" type="stmt"/>
      <line num="17" count="1" type="stmt"/>
      <line num="22" count="409" type="cond" truecount="2" falsecount="1"/>
      <line num="23" count="0" type="stmt"/>
    </file>
    <file name="Component.ts" path="/Users/felixz/Projects/elics/src/Component.ts">
      <metrics statements="22" coveredstatements="22" conditionals="16" coveredconditionals="16" methods="4" coveredmethods="4"/>
      <line num="1" count="1" type="stmt"/>
      <line num="2" count="1" type="stmt"/>
      <line num="8" count="1" type="stmt"/>
      <line num="9" count="1" type="stmt"/>
      <line num="10" count="1" type="stmt"/>
      <line num="11" count="1" type="stmt"/>
      <line num="12" count="1" type="stmt"/>
      <line num="13" count="1" type="stmt"/>
      <line num="14" count="1" type="stmt"/>
      <line num="17" count="127" type="stmt"/>
      <line num="18" count="127" type="stmt"/>
      <line num="20" count="127" type="stmt"/>
      <line num="23" count="149" type="stmt"/>
      <line num="24" count="149" type="stmt"/>
      <line num="25" count="149" type="stmt"/>
      <line num="26" count="149" type="stmt"/>
      <line num="35" count="35" type="stmt"/>
      <line num="38" count="51" type="stmt"/>
      <line num="39" count="51" type="cond" truecount="2" falsecount="0"/>
      <line num="40" count="41" type="cond" truecount="4" falsecount="0"/>
      <line num="42" count="10" type="stmt"/>
      <line num="43" count="22" type="stmt"/>
    </file>
    <file name="ComponentManager.ts" path="/Users/felixz/Projects/elics/src/ComponentManager.ts">
      <metrics statements="14" coveredstatements="13" conditionals="1" coveredconditionals="0" methods="5" coveredmethods="4"/>
      <line num="1" count="1" type="stmt"/>
      <line num="4" count="1" type="stmt"/>
      <line num="5" count="21" type="stmt"/>
      <line num="6" count="21" type="stmt"/>
      <line num="8" count="21" type="stmt"/>
      <line num="11" count="127" type="stmt"/>
      <line num="12" count="127" type="stmt"/>
      <line num="13" count="127" type="stmt"/>
      <line num="14" count="127" type="stmt"/>
      <line num="15" count="127" type="stmt"/>
      <line num="16" count="127" type="stmt"/>
      <line num="24" count="35" type="stmt"/>
      <line num="28" count="1" type="stmt"/>
      <line num="32" count="0" type="stmt"/>
    </file>
    <file name="Entity.ts" path="/Users/felixz/Projects/elics/src/Entity.ts">
      <metrics statements="51" coveredstatements="48" conditionals="12" coveredconditionals="11" methods="10" coveredmethods="8"/>
      <line num="3" count="1" type="stmt"/>
      <line num="7" count="1" type="stmt"/>
      <line num="8" count="1" type="stmt"/>
      <line num="33" count="1" type="stmt"/>
      <line num="34" count="24" type="stmt"/>
      <line num="35" count="24" type="stmt"/>
      <line num="36" count="24" type="stmt"/>
      <line num="40" count="24" type="stmt"/>
      <line num="41" count="24" type="stmt"/>
      <line num="42" count="24" type="stmt"/>
      <line num="43" count="24" type="stmt"/>
      <line num="50" count="35" type="stmt"/>
      <line num="51" count="35" type="stmt"/>
      <line num="56" count="35" type="stmt"/>
      <line num="57" count="35" type="stmt"/>
      <line num="62" count="35" type="stmt"/>
      <line num="63" count="35" type="stmt"/>
      <line num="64" count="35" type="stmt"/>
      <line num="68" count="5" type="stmt"/>
      <line num="69" count="5" type="stmt"/>
      <line num="74" count="5" type="stmt"/>
      <line num="75" count="5" type="stmt"/>
      <line num="76" count="5" type="stmt"/>
      <line num="77" count="5" type="stmt"/>
      <line num="81" count="6" type="stmt"/>
      <line num="86" count="6" type="stmt"/>
      <line num="90" count="0" type="stmt"/>
      <line num="91" count="0" type="stmt"/>
      <line num="92" count="0" type="stmt"/>
      <line num="97" count="40" type="cond" truecount="3" falsecount="1"/>
      <line num="105" count="16" type="stmt"/>
      <line num="106" count="16" type="stmt"/>
      <line num="110" count="8" type="cond" truecount="4" falsecount="0"/>
      <line num="111" count="8" type="cond" truecount="2" falsecount="0"/>
      <line num="112" count="2" type="stmt"/>
      <line num="114" count="6" type="stmt"/>
      <line num="115" count="6" type="stmt"/>
      <line num="116" count="6" type="stmt"/>
      <line num="117" count="6" type="stmt"/>
      <line num="118" count="6" type="cond" truecount="1" falsecount="0"/>
      <line num="119" count="6" type="stmt"/>
      <line num="121" count="6" type="stmt"/>
      <line num="122" count="6" type="stmt"/>
      <line num="127" count="2" type="stmt"/>
      <line num="128" count="2" type="stmt"/>
      <line num="129" count="2" type="stmt"/>
      <line num="130" count="2" type="stmt"/>
      <line num="131" count="2" type="stmt"/>
      <line num="132" count="1" type="stmt"/>
      <line num="134" count="2" type="stmt"/>
      <line num="135" count="2" type="stmt"/>
    </file>
    <file name="EntityManager.ts" path="/Users/felixz/Projects/elics/src/EntityManager.ts">
      <metrics statements="12" coveredstatements="12" conditionals="2" coveredconditionals="2" methods="3" coveredmethods="3"/>
      <line num="6" count="1" type="stmt"/>
      <line num="7" count="21" type="stmt"/>
      <line num="8" count="21" type="stmt"/>
      <line num="11" count="21" type="stmt"/>
      <line num="12" count="21" type="stmt"/>
      <line num="13" count="21" type="stmt"/>
      <line num="18" count="25" type="cond" truecount="2" falsecount="0"/>
      <line num="19" count="1" type="stmt"/>
      <line num="20" count="1" type="stmt"/>
      <line num="22" count="24" type="stmt"/>
      <line num="30" count="25" type="stmt"/>
      <line num="34" count="2" type="stmt"/>
    </file>
    <file name="Query.ts" path="/Users/felixz/Projects/elics/src/Query.ts">
      <metrics statements="15" coveredstatements="15" conditionals="6" coveredconditionals="6" methods="5" coveredmethods="5"/>
      <line num="3" count="1" type="stmt"/>
      <line num="11" count="1" type="stmt"/>
      <line num="13" count="10" type="stmt"/>
      <line num="14" count="10" type="stmt"/>
      <line num="15" count="10" type="stmt"/>
      <line num="19" count="36" type="stmt"/>
      <line num="22" count="36" type="stmt"/>
      <line num="24" count="36" type="cond" truecount="2" falsecount="0"/>
      <line num="28" count="10" type="stmt"/>
      <line num="29" count="10" type="stmt"/>
      <line num="30" count="10" type="stmt"/>
      <line num="31" count="16" type="stmt"/>
      <line num="33" count="10" type="cond" truecount="4" falsecount="0"/>
      <line num="34" count="2" type="stmt"/>
      <line num="36" count="10" type="stmt"/>
    </file>
    <file name="QueryManager.ts" path="/Users/felixz/Projects/elics/src/QueryManager.ts">
      <metrics statements="31" coveredstatements="27" conditionals="17" coveredconditionals="14" methods="10" coveredmethods="7"/>
      <line num="1" count="1" type="stmt"/>
      <line num="2" count="1" type="stmt"/>
      <line num="6" count="1" type="stmt"/>
      <line num="7" count="21" type="stmt"/>
      <line num="8" count="21" type="stmt"/>
      <line num="9" count="21" type="stmt"/>
      <line num="11" count="21" type="stmt"/>
      <line num="15" count="10" type="stmt"/>
      <line num="16" count="10" type="cond" truecount="1" falsecount="0"/>
      <line num="17" count="10" type="stmt"/>
      <line num="18" count="10" type="stmt"/>
      <line num="20" count="10" type="stmt"/>
      <line num="24" count="40" type="cond" truecount="3" falsecount="1"/>
      <line num="25" count="40" type="cond" truecount="1" falsecount="0"/>
      <line num="27" count="3" type="stmt"/>
      <line num="28" count="3" type="stmt"/>
      <line num="31" count="37" type="stmt"/>
      <line num="32" count="36" type="stmt"/>
      <line num="33" count="36" type="stmt"/>
      <line num="35" count="36" type="cond" truecount="4" falsecount="0"/>
      <line num="36" count="12" type="stmt"/>
      <line num="37" count="24" type="cond" truecount="3" falsecount="0"/>
      <line num="38" count="4" type="stmt"/>
      <line num="42" count="0" type="stmt"/>
      <line num="47" count="2" type="stmt"/>
      <line num="51" count="10" type="cond" truecount="0" falsecount="1"/>
      <line num="52" count="0" type="stmt"/>
      <line num="53" count="0" type="stmt"/>
      <line num="55" count="0" type="stmt"/>
      <line num="60" count="16" type="stmt"/>
      <line num="65" count="16" type="cond" truecount="1" falsecount="1"/>
    </file>
    <file name="System.ts" path="/Users/felixz/Projects/elics/src/System.ts">
      <metrics statements="11" coveredstatements="10" conditionals="1" coveredconditionals="1" methods="7" coveredmethods="5"/>
      <line num="7" count="1" type="stmt"/>
      <line num="8" count="1" type="stmt"/>
      <line num="9" count="1" type="stmt"/>
      <line num="13" count="7" type="stmt"/>
      <line num="17" count="7" type="stmt"/>
      <line num="18" count="7" type="stmt"/>
      <line num="19" count="7" type="cond" truecount="1" falsecount="0"/>
      <line num="23" count="0" type="stmt"/>
      <line num="27" count="9" type="stmt"/>
      <line num="39" count="1" type="stmt"/>
      <line num="43" count="1" type="stmt"/>
    </file>
    <file name="Types.ts" path="/Users/felixz/Projects/elics/src/Types.ts">
      <metrics statements="12" coveredstatements="12" conditionals="2" coveredconditionals="2" methods="1" coveredmethods="1"/>
      <line num="1" count="1" type="cond" truecount="2" falsecount="0"/>
      <line num="2" count="1" type="stmt"/>
      <line num="3" count="1" type="stmt"/>
      <line num="4" count="1" type="stmt"/>
      <line num="5" count="1" type="stmt"/>
      <line num="6" count="1" type="stmt"/>
      <line num="7" count="1" type="stmt"/>
      <line num="8" count="1" type="stmt"/>
      <line num="9" count="1" type="stmt"/>
      <line num="10" count="1" type="stmt"/>
      <line num="11" count="1" type="stmt"/>
      <line num="21" count="1" type="stmt"/>
    </file>
    <file name="World.ts" path="/Users/felixz/Projects/elics/src/World.ts">
      <metrics statements="43" coveredstatements="37" conditionals="8" coveredconditionals="8" methods="14" coveredmethods="10"/>
      <line num="1" count="1" type="stmt"/>
      <line num="2" count="1" type="stmt"/>
      <line num="7" count="1" type="stmt"/>
      <line num="8" count="1" type="stmt"/>
      <line num="9" count="1" type="stmt"/>
      <line num="17" count="1" type="stmt"/>
      <line num="21" count="21" type="stmt"/>
      <line num="22" count="21" type="stmt"/>
      <line num="23" count="21" type="stmt"/>
      <line num="30" count="21" type="stmt"/>
      <line num="31" count="21" type="stmt"/>
      <line num="32" count="21" type="stmt"/>
      <line num="37" count="21" type="stmt"/>
      <line num="41" count="127" type="stmt"/>
      <line num="42" count="127" type="stmt"/>
      <line num="46" count="25" type="stmt"/>
      <line num="53" count="7" type="stmt"/>
      <line num="54" count="2" type="stmt"/>
      <line num="59" count="7" type="stmt"/>
      <line num="61" count="7" type="stmt"/>
      <line num="62" count="4" type="stmt"/>
      <line num="65" count="7" type="stmt"/>
      <line num="67" count="7" type="stmt"/>
      <line num="68" count="7" type="stmt"/>
      <line num="71" count="7" type="stmt"/>
      <line num="72" count="2" type="stmt"/>
      <line num="75" count="7" type="cond" truecount="2" falsecount="0"/>
      <line num="76" count="6" type="stmt"/>
      <line num="78" count="1" type="stmt"/>
      <line num="81" count="7" type="stmt"/>
      <line num="85" count="0" type="stmt"/>
      <line num="86" count="0" type="stmt"/>
      <line num="91" count="0" type="stmt"/>
      <line num="92" count="0" type="stmt"/>
      <line num="96" count="10" type="stmt"/>
      <line num="97" count="14" type="cond" truecount="1" falsecount="0"/>
      <line num="98" count="13" type="stmt"/>
      <line num="101" count="10" type="stmt"/>
      <line num="107" count="1" type="stmt"/>
      <line num="108" count="1" type="cond" truecount="1" falsecount="0"/>
      <line num="109" count="1" type="stmt"/>
      <line num="112" count="0" type="stmt"/>
      <line num="116" count="0" type="stmt"/>
    </file>
  </project>
</coverage>
