{"/Users/felixz/Projects/elics/src/Checks.ts": {"path":"/Users/felixz/Projects/elics/src/Checks.ts","statementMap":{"0":{"start":{"line":3,"column":0},"end":{"line":3,"column":16}},"1":{"start":{"line":17,"column":0},"end":{"line":17,"column":16}},"2":{"start":{"line":1,"column":25},"end":{"line":1,"column":29}},"3":{"start":{"line":4,"column":1},"end":{"line":4,"column":19}},"4":{"start":{"line":7,"column":0},"end":{"line":7,"column":null}},"5":{"start":{"line":8,"column":1},"end":{"line":8,"column":null}},"6":{"start":{"line":9,"column":1},"end":{"line":9,"column":null}},"7":{"start":{"line":10,"column":1},"end":{"line":10,"column":null}},"8":{"start":{"line":11,"column":1},"end":{"line":11,"column":null}},"9":{"start":{"line":12,"column":1},"end":{"line":12,"column":null}},"10":{"start":{"line":13,"column":1},"end":{"line":13,"column":null}},"11":{"start":{"line":14,"column":1},"end":{"line":14,"column":null}},"12":{"start":{"line":22,"column":1},"end":{"line":24,"column":2}},"13":{"start":{"line":23,"column":2},"end":{"line":23,"column":43}}},"fnMap":{"0":{"name":"toggleChecks","decl":{"start":{"line":3,"column":16},"end":{"line":3,"column":28}},"loc":{"start":{"line":3,"column":43},"end":{"line":5,"column":1}}},"1":{"name":"(anonymous_1)","decl":{"start":{"line":7,"column":0},"end":{"line":7,"column":12}},"loc":{"start":{"line":7,"column":25},"end":{"line":15,"column":1}}},"2":{"name":"assertCondition","decl":{"start":{"line":17,"column":16},"end":{"line":17,"column":31}},"loc":{"start":{"line":20,"column":12},"end":{"line":25,"column":1}}}},"branchMap":{"0":{"loc":{"start":{"line":7,"column":12},"end":{"line":7,"column":null}},"type":"binary-expr","locations":[{"start":{"line":7,"column":12},"end":{"line":7,"column":25}},{"start":{"line":7,"column":25},"end":{"line":7,"column":null}}]},"1":{"loc":{"start":{"line":22,"column":1},"end":{"line":24,"column":2}},"type":"if","locations":[{"start":{"line":22,"column":1},"end":{"line":24,"column":2}}]},"2":{"loc":{"start":{"line":22,"column":5},"end":{"line":22,"column":28}},"type":"binary-expr","locations":[{"start":{"line":22,"column":5},"end":{"line":22,"column":14}},{"start":{"line":22,"column":18},"end":{"line":22,"column":28}}]}},"s":{"0":1,"1":1,"2":1,"3":21,"4":1,"5":1,"6":1,"7":1,"8":1,"9":1,"10":1,"11":1,"12":409,"13":0},"f":{"0":21,"1":1,"2":409},"b":{"0":[1,1],"1":[0],"2":[409,409]}}
,"/Users/felixz/Projects/elics/src/Component.ts": {"path":"/Users/felixz/Projects/elics/src/Component.ts","statementMap":{"0":{"start":{"line":1,"column":0},"end":{"line":1,"column":61}},"1":{"start":{"line":2,"column":0},"end":{"line":2,"column":62}},"2":{"start":{"line":17,"column":17},"end":{"line":17,"column":28}},"3":{"start":{"line":18,"column":2},"end":{"line":18,"column":17}},"4":{"start":{"line":20,"column":2},"end":{"line":31,"column":3}},"5":{"start":{"line":23,"column":40},"end":{"line":23,"column":59}},"6":{"start":{"line":24,"column":3},"end":{"line":24,"column":75}},"7":{"start":{"line":25,"column":3},"end":{"line":25,"column":66}},"8":{"start":{"line":26,"column":3},"end":{"line":30,"column":5}},"9":{"start":{"line":35,"column":2},"end":{"line":47,"column":3}},"10":{"start":{"line":38,"column":22},"end":{"line":38,"column":41}},"11":{"start":{"line":39,"column":3},"end":{"line":46,"column":4}},"12":{"start":{"line":40,"column":4},"end":{"line":40,"column":61}},"13":{"start":{"line":42,"column":4},"end":{"line":45,"column":5}},"14":{"start":{"line":42,"column":17},"end":{"line":42,"column":18}},"15":{"start":{"line":43,"column":5},"end":{"line":44,"column":47}},"16":{"start":{"line":8,"column":0},"end":{"line":8,"column":13}},"17":{"start":{"line":9,"column":8},"end":{"line":9,"column":70}},"18":{"start":{"line":10,"column":8},"end":{"line":10,"column":62}},"19":{"start":{"line":11,"column":8},"end":{"line":11,"column":45}},"20":{"start":{"line":12,"column":8},"end":{"line":12,"column":28}},"21":{"start":{"line":13,"column":8},"end":{"line":13,"column":53}},"22":{"start":{"line":14,"column":8},"end":{"line":14,"column":53}}},"fnMap":{"0":{"name":"(anonymous_0)","decl":{"start":{"line":16,"column":1},"end":{"line":16,"column":7}},"loc":{"start":{"line":16,"column":48},"end":{"line":32,"column":2}}},"1":{"name":"(anonymous_1)","decl":{"start":{"line":34,"column":1},"end":{"line":34,"column":7}},"loc":{"start":{"line":34,"column":76},"end":{"line":48,"column":2}}},"2":{"name":"(anonymous_2)","decl":{"start":{"line":13,"column":44},"end":{"line":13,"column":47}},"loc":{"start":{"line":13,"column":49},"end":{"line":13,"column":52}}},"3":{"name":"(anonymous_3)","decl":{"start":{"line":14,"column":44},"end":{"line":14,"column":47}},"loc":{"start":{"line":14,"column":49},"end":{"line":14,"column":52}}}},"branchMap":{"0":{"loc":{"start":{"line":27,"column":4},"end":{"line":27,"column":66}},"type":"binary-expr","locations":[{"start":{"line":27,"column":4},"end":{"line":27,"column":16}},{"start":{"line":27,"column":21},"end":{"line":27,"column":66}}]},"1":{"loc":{"start":{"line":39,"column":3},"end":{"line":46,"column":4}},"type":"if","locations":[{"start":{"line":39,"column":3},"end":{"line":46,"column":4}},{"start":{"line":41,"column":10},"end":{"line":46,"column":4}}]},"2":{"loc":{"start":{"line":40,"column":28},"end":{"line":40,"column":60}},"type":"cond-expr","locations":[{"start":{"line":40,"column":44},"end":{"line":40,"column":48}},{"start":{"line":40,"column":48},"end":{"line":40,"column":60}}]},"3":{"loc":{"start":{"line":40,"column":28},"end":{"line":40,"column":48}},"type":"binary-expr","locations":[{"start":{"line":40,"column":28},"end":{"line":40,"column":48}},{"start":{"line":40,"column":44},"end":{"line":40,"column":48}}]},"4":{"loc":{"start":{"line":44,"column":6},"end":{"line":44,"column":46}},"type":"cond-expr","locations":[{"start":{"line":44,"column":27},"end":{"line":44,"column":31}},{"start":{"line":44,"column":31},"end":{"line":44,"column":46}}]},"5":{"loc":{"start":{"line":44,"column":6},"end":{"line":44,"column":31}},"type":"binary-expr","locations":[{"start":{"line":44,"column":6},"end":{"line":44,"column":31}},{"start":{"line":44,"column":27},"end":{"line":44,"column":31}}]},"6":{"loc":{"start":{"line":44,"column":6},"end":{"line":44,"column":27}},"type":"cond-expr","locations":[{"start":{"line":44,"column":22},"end":{"line":44,"column":25}},{"start":{"line":44,"column":22},"end":{"line":44,"column":27}}]},"7":{"loc":{"start":{"line":44,"column":6},"end":{"line":44,"column":25}},"type":"binary-expr","locations":[{"start":{"line":44,"column":6},"end":{"line":44,"column":25}},{"start":{"line":44,"column":22},"end":{"line":44,"column":25}}]}},"s":{"0":1,"1":1,"2":127,"3":127,"4":127,"5":149,"6":149,"7":149,"8":149,"9":35,"10":51,"11":51,"12":41,"13":10,"14":10,"15":22,"16":1,"17":1,"18":1,"19":1,"20":1,"21":1,"22":1},"f":{"0":127,"1":35,"2":4,"3":33},"b":{"0":[149,42],"1":[41,10],"2":[12,29],"3":[41,41],"4":[14,8],"5":[22,22],"6":[8,14],"7":[22,22]}}
,"/Users/felixz/Projects/elics/src/ComponentManager.ts": {"path":"/Users/felixz/Projects/elics/src/ComponentManager.ts","statementMap":{"0":{"start":{"line":1,"column":0},"end":{"line":1,"column":28}},"1":{"start":{"line":8,"column":21},"end":{"line":8,"column":43}},"2":{"start":{"line":5,"column":9},"end":{"line":5,"column":33}},"3":{"start":{"line":6,"column":9},"end":{"line":6,"column":57}},"4":{"start":{"line":11,"column":17},"end":{"line":11,"column":43}},"5":{"start":{"line":12,"column":2},"end":{"line":12,"column":40}},"6":{"start":{"line":13,"column":2},"end":{"line":13,"column":40}},"7":{"start":{"line":14,"column":2},"end":{"line":14,"column":33}},"8":{"start":{"line":15,"column":2},"end":{"line":15,"column":56}},"9":{"start":{"line":16,"column":2},"end":{"line":16,"column":51}},"10":{"start":{"line":24,"column":2},"end":{"line":24,"column":61}},"11":{"start":{"line":28,"column":2},"end":{"line":28,"column":41}},"12":{"start":{"line":32,"column":2},"end":{"line":32,"column":38}},"13":{"start":{"line":4,"column":0},"end":{"line":4,"column":13}}},"fnMap":{"0":{"name":"(anonymous_1)","decl":{"start":{"line":8,"column":1},"end":{"line":8,"column":21}},"loc":{"start":{"line":8,"column":43},"end":{"line":8,"column":47}}},"1":{"name":"(anonymous_2)","decl":{"start":{"line":10,"column":1},"end":{"line":10,"column":18}},"loc":{"start":{"line":10,"column":55},"end":{"line":17,"column":2}}},"2":{"name":"(anonymous_3)","decl":{"start":{"line":19,"column":1},"end":{"line":19,"column":24}},"loc":{"start":{"line":22,"column":42},"end":{"line":25,"column":2}}},"3":{"name":"(anonymous_4)","decl":{"start":{"line":27,"column":1},"end":{"line":27,"column":21}},"loc":{"start":{"line":27,"column":36},"end":{"line":29,"column":2}}},"4":{"name":"(anonymous_5)","decl":{"start":{"line":31,"column":1},"end":{"line":31,"column":22}},"loc":{"start":{"line":31,"column":22},"end":{"line":33,"column":2}}}},"branchMap":{"0":{"loc":{"start":{"line":22,"column":2},"end":{"line":22,"column":42}},"type":"default-arg","locations":[{"start":{"line":22,"column":40},"end":{"line":22,"column":42}}]}},"s":{"0":1,"1":21,"2":21,"3":21,"4":127,"5":127,"6":127,"7":127,"8":127,"9":127,"10":35,"11":1,"12":0,"13":1},"f":{"0":21,"1":127,"2":35,"3":1,"4":0},"b":{"0":[0]}}
,"/Users/felixz/Projects/elics/src/Entity.ts": {"path":"/Users/felixz/Projects/elics/src/Entity.ts","statementMap":{"0":{"start":{"line":3,"column":0},"end":{"line":3,"column":28}},"1":{"start":{"line":7,"column":0},"end":{"line":7,"column":60}},"2":{"start":{"line":8,"column":0},"end":{"line":8,"column":61}},"3":{"start":{"line":40,"column":12},"end":{"line":40,"column":40}},"4":{"start":{"line":41,"column":12},"end":{"line":41,"column":38}},"5":{"start":{"line":42,"column":12},"end":{"line":42,"column":46}},"6":{"start":{"line":43,"column":18},"end":{"line":43,"column":31}},"7":{"start":{"line":34,"column":8},"end":{"line":34,"column":46}},"8":{"start":{"line":35,"column":8},"end":{"line":35,"column":22}},"9":{"start":{"line":36,"column":9},"end":{"line":37,"column":12}},"10":{"start":{"line":50,"column":2},"end":{"line":50,"column":74}},"11":{"start":{"line":51,"column":2},"end":{"line":55,"column":4}},"12":{"start":{"line":56,"column":2},"end":{"line":56,"column":58}},"13":{"start":{"line":57,"column":2},"end":{"line":61,"column":4}},"14":{"start":{"line":62,"column":2},"end":{"line":62,"column":39}},"15":{"start":{"line":63,"column":2},"end":{"line":63,"column":38}},"16":{"start":{"line":64,"column":2},"end":{"line":64,"column":14}},"17":{"start":{"line":68,"column":2},"end":{"line":68,"column":74}},"18":{"start":{"line":69,"column":2},"end":{"line":73,"column":4}},"19":{"start":{"line":74,"column":2},"end":{"line":74,"column":62}},"20":{"start":{"line":75,"column":2},"end":{"line":75,"column":39}},"21":{"start":{"line":76,"column":2},"end":{"line":76,"column":38}},"22":{"start":{"line":77,"column":2},"end":{"line":77,"column":14}},"23":{"start":{"line":81,"column":2},"end":{"line":85,"column":4}},"24":{"start":{"line":86,"column":2},"end":{"line":86,"column":62}},"25":{"start":{"line":90,"column":19},"end":{"line":90,"column":41}},"26":{"start":{"line":91,"column":2},"end":{"line":93,"column":4}},"27":{"start":{"line":92,"column":15},"end":{"line":92,"column":66}},"28":{"start":{"line":97,"column":2},"end":{"line":97,"column":48}},"29":{"start":{"line":105,"column":24},"end":{"line":105,"column":48}},"30":{"start":{"line":106,"column":2},"end":{"line":106,"column":36}},"31":{"start":{"line":110,"column":27},"end":{"line":110,"column":73}},"32":{"start":{"line":111,"column":2},"end":{"line":123,"column":3}},"33":{"start":{"line":112,"column":3},"end":{"line":112,"column":27}},"34":{"start":{"line":114,"column":25},"end":{"line":114,"column":63}},"35":{"start":{"line":115,"column":18},"end":{"line":115,"column":71}},"36":{"start":{"line":116,"column":18},"end":{"line":116,"column":37}},"37":{"start":{"line":117,"column":22},"end":{"line":117,"column":69}},"38":{"start":{"line":118,"column":3},"end":{"line":120,"column":4}},"39":{"start":{"line":119,"column":4},"end":{"line":119,"column":52}},"40":{"start":{"line":121,"column":3},"end":{"line":121,"column":62}},"41":{"start":{"line":122,"column":3},"end":{"line":122,"column":21}},"42":{"start":{"line":127,"column":2},"end":{"line":127,"column":74}},"43":{"start":{"line":128,"column":2},"end":{"line":128,"column":49}},"44":{"start":{"line":129,"column":2},"end":{"line":129,"column":22}},"45":{"start":{"line":130,"column":19},"end":{"line":130,"column":41}},"46":{"start":{"line":131,"column":2},"end":{"line":133,"column":3}},"47":{"start":{"line":132,"column":3},"end":{"line":132,"column":76}},"48":{"start":{"line":134,"column":2},"end":{"line":134,"column":30}},"49":{"start":{"line":135,"column":2},"end":{"line":135,"column":38}},"50":{"start":{"line":33,"column":0},"end":{"line":33,"column":13}}},"fnMap":{"0":{"name":"(anonymous_1)","decl":{"start":{"line":39,"column":1},"end":{"line":39,"column":null}},"loc":{"start":{"line":43,"column":31},"end":{"line":44,"column":5}}},"1":{"name":"(anonymous_2)","decl":{"start":{"line":46,"column":1},"end":{"line":46,"column":13}},"loc":{"start":{"line":48,"column":42},"end":{"line":65,"column":2}}},"2":{"name":"(anonymous_3)","decl":{"start":{"line":67,"column":1},"end":{"line":67,"column":16}},"loc":{"start":{"line":67,"column":53},"end":{"line":78,"column":2}}},"3":{"name":"(anonymous_4)","decl":{"start":{"line":80,"column":1},"end":{"line":80,"column":13}},"loc":{"start":{"line":80,"column":50},"end":{"line":87,"column":2}}},"4":{"name":"(anonymous_5)","decl":{"start":{"line":89,"column":1},"end":{"line":89,"column":14}},"loc":{"start":{"line":89,"column":14},"end":{"line":94,"column":2}}},"5":{"name":"(anonymous_6)","decl":{"start":{"line":92,"column":3},"end":{"line":92,"column":4}},"loc":{"start":{"line":92,"column":15},"end":{"line":92,"column":66}}},"6":{"name":"(anonymous_7)","decl":{"start":{"line":96,"column":1},"end":{"line":96,"column":9}},"loc":{"start":{"line":96,"column":59},"end":{"line":98,"column":2}}},"7":{"name":"(anonymous_8)","decl":{"start":{"line":100,"column":1},"end":{"line":100,"column":9}},"loc":{"start":{"line":103,"column":12},"end":{"line":107,"column":2}}},"8":{"name":"(anonymous_9)","decl":{"start":{"line":109,"column":1},"end":{"line":109,"column":14}},"loc":{"start":{"line":109,"column":64},"end":{"line":124,"column":2}}},"9":{"name":"(anonymous_10)","decl":{"start":{"line":126,"column":1},"end":{"line":126,"column":8}},"loc":{"start":{"line":126,"column":8},"end":{"line":136,"column":2}}}},"branchMap":{"0":{"loc":{"start":{"line":48,"column":2},"end":{"line":48,"column":42}},"type":"default-arg","locations":[{"start":{"line":48,"column":40},"end":{"line":48,"column":42}}]},"1":{"loc":{"start":{"line":97,"column":9},"end":{"line":97,"column":47}},"type":"cond-expr","locations":[{"start":{"line":97,"column":33},"end":{"line":97,"column":36}},{"start":{"line":97,"column":33},"end":{"line":97,"column":47}}]},"2":{"loc":{"start":{"line":97,"column":9},"end":{"line":97,"column":36}},"type":"binary-expr","locations":[{"start":{"line":97,"column":9},"end":{"line":97,"column":36}},{"start":{"line":97,"column":33},"end":{"line":97,"column":36}}]},"3":{"loc":{"start":{"line":110,"column":27},"end":{"line":110,"column":73}},"type":"cond-expr","locations":[{"start":{"line":110,"column":63},"end":{"line":110,"column":65}},{"start":{"line":110,"column":63},"end":{"line":110,"column":73}}]},"4":{"loc":{"start":{"line":110,"column":27},"end":{"line":110,"column":65}},"type":"binary-expr","locations":[{"start":{"line":110,"column":27},"end":{"line":110,"column":65}},{"start":{"line":110,"column":63},"end":{"line":110,"column":65}}]},"5":{"loc":{"start":{"line":111,"column":2},"end":{"line":123,"column":3}},"type":"if","locations":[{"start":{"line":111,"column":2},"end":{"line":123,"column":3}},{"start":{"line":113,"column":9},"end":{"line":123,"column":3}}]},"6":{"loc":{"start":{"line":118,"column":3},"end":{"line":120,"column":4}},"type":"if","locations":[{"start":{"line":118,"column":3},"end":{"line":120,"column":4}}]}},"s":{"0":1,"1":1,"2":1,"3":24,"4":24,"5":24,"6":24,"7":24,"8":24,"9":24,"10":35,"11":35,"12":35,"13":35,"14":35,"15":35,"16":35,"17":5,"18":5,"19":5,"20":5,"21":5,"22":5,"23":6,"24":6,"25":0,"26":0,"27":0,"28":40,"29":16,"30":16,"31":8,"32":8,"33":2,"34":6,"35":6,"36":6,"37":6,"38":6,"39":6,"40":6,"41":6,"42":2,"43":2,"44":2,"45":2,"46":2,"47":1,"48":2,"49":2,"50":1},"f":{"0":24,"1":35,"2":5,"3":6,"4":0,"5":0,"6":40,"7":16,"8":8,"9":2},"b":{"0":[22],"1":[0,40],"2":[40,40],"3":[6,2],"4":[8,8],"5":[2,6],"6":[6]}}
,"/Users/felixz/Projects/elics/src/EntityManager.ts": {"path":"/Users/felixz/Projects/elics/src/EntityManager.ts","statementMap":{"0":{"start":{"line":11,"column":9},"end":{"line":11,"column":43}},"1":{"start":{"line":12,"column":10},"end":{"line":12,"column":36}},"2":{"start":{"line":13,"column":10},"end":{"line":13,"column":44}},"3":{"start":{"line":7,"column":1},"end":{"line":7,"column":25}},"4":{"start":{"line":8,"column":9},"end":{"line":8,"column":25}},"5":{"start":{"line":18,"column":2},"end":{"line":28,"column":3}},"6":{"start":{"line":19,"column":3},"end":{"line":19,"column":29}},"7":{"start":{"line":20,"column":3},"end":{"line":20,"column":24}},"8":{"start":{"line":22,"column":3},"end":{"line":27,"column":5}},"9":{"start":{"line":30,"column":2},"end":{"line":30,"column":16}},"10":{"start":{"line":34,"column":2},"end":{"line":34,"column":25}},"11":{"start":{"line":6,"column":0},"end":{"line":6,"column":13}}},"fnMap":{"0":{"name":"(anonymous_0)","decl":{"start":{"line":10,"column":1},"end":{"line":10,"column":null}},"loc":{"start":{"line":13,"column":44},"end":{"line":14,"column":5}}},"1":{"name":"(anonymous_1)","decl":{"start":{"line":16,"column":1},"end":{"line":16,"column":22}},"loc":{"start":{"line":16,"column":22},"end":{"line":31,"column":2}}},"2":{"name":"(anonymous_2)","decl":{"start":{"line":33,"column":1},"end":{"line":33,"column":22}},"loc":{"start":{"line":33,"column":41},"end":{"line":35,"column":2}}}},"branchMap":{"0":{"loc":{"start":{"line":18,"column":2},"end":{"line":28,"column":3}},"type":"if","locations":[{"start":{"line":18,"column":2},"end":{"line":28,"column":3}},{"start":{"line":21,"column":9},"end":{"line":28,"column":3}}]}},"s":{"0":21,"1":21,"2":21,"3":21,"4":21,"5":25,"6":1,"7":1,"8":24,"9":25,"10":2,"11":1},"f":{"0":21,"1":25,"2":2},"b":{"0":[1,24]}}
,"/Users/felixz/Projects/elics/src/Query.ts": {"path":"/Users/felixz/Projects/elics/src/Query.ts","statementMap":{"0":{"start":{"line":3,"column":0},"end":{"line":3,"column":28}},"1":{"start":{"line":13,"column":10},"end":{"line":13,"column":37}},"2":{"start":{"line":14,"column":10},"end":{"line":14,"column":37}},"3":{"start":{"line":15,"column":9},"end":{"line":15,"column":24}},"4":{"start":{"line":19,"column":22},"end":{"line":21,"column":29}},"5":{"start":{"line":22,"column":22},"end":{"line":22,"column":70}},"6":{"start":{"line":24,"column":2},"end":{"line":24,"column":37}},"7":{"start":{"line":28,"column":21},"end":{"line":28,"column":33}},"8":{"start":{"line":29,"column":21},"end":{"line":29,"column":33}},"9":{"start":{"line":30,"column":2},"end":{"line":32,"column":5}},"10":{"start":{"line":31,"column":3},"end":{"line":31,"column":46}},"11":{"start":{"line":33,"column":2},"end":{"line":35,"column":5}},"12":{"start":{"line":34,"column":3},"end":{"line":34,"column":46}},"13":{"start":{"line":36,"column":2},"end":{"line":40,"column":4}},"14":{"start":{"line":11,"column":0},"end":{"line":11,"column":13}}},"fnMap":{"0":{"name":"(anonymous_1)","decl":{"start":{"line":12,"column":1},"end":{"line":12,"column":null}},"loc":{"start":{"line":15,"column":24},"end":{"line":16,"column":5}}},"1":{"name":"(anonymous_2)","decl":{"start":{"line":18,"column":1},"end":{"line":18,"column":8}},"loc":{"start":{"line":18,"column":27},"end":{"line":25,"column":2}}},"2":{"name":"(anonymous_3)","decl":{"start":{"line":27,"column":1},"end":{"line":27,"column":7}},"loc":{"start":{"line":27,"column":50},"end":{"line":41,"column":2}}},"3":{"name":"(anonymous_4)","decl":{"start":{"line":30,"column":31},"end":{"line":30,"column":32}},"loc":{"start":{"line":30,"column":37},"end":{"line":32,"column":3}}},"4":{"name":"(anonymous_5)","decl":{"start":{"line":33,"column":32},"end":{"line":33,"column":33}},"loc":{"start":{"line":33,"column":38},"end":{"line":35,"column":3}}}},"branchMap":{"0":{"loc":{"start":{"line":24,"column":9},"end":{"line":24,"column":36}},"type":"binary-expr","locations":[{"start":{"line":24,"column":9},"end":{"line":24,"column":20}},{"start":{"line":24,"column":24},"end":{"line":24,"column":36}}]},"1":{"loc":{"start":{"line":33,"column":2},"end":{"line":35,"column":4}},"type":"cond-expr","locations":[{"start":{"line":33,"column":22},"end":{"line":33,"column":24}},{"start":{"line":33,"column":22},"end":{"line":35,"column":4}}]},"2":{"loc":{"start":{"line":33,"column":2},"end":{"line":33,"column":24}},"type":"binary-expr","locations":[{"start":{"line":33,"column":2},"end":{"line":33,"column":24}},{"start":{"line":33,"column":22},"end":{"line":33,"column":24}}]}},"s":{"0":1,"1":10,"2":10,"3":10,"4":36,"5":36,"6":36,"7":10,"8":10,"9":10,"10":16,"11":10,"12":2,"13":10,"14":1},"f":{"0":10,"1":36,"2":10,"3":16,"4":2},"b":{"0":[36,17],"1":[8,2],"2":[10,10]}}
,"/Users/felixz/Projects/elics/src/QueryManager.ts": {"path":"/Users/felixz/Projects/elics/src/QueryManager.ts","statementMap":{"0":{"start":{"line":1,"column":0},"end":{"line":1,"column":61}},"1":{"start":{"line":2,"column":0},"end":{"line":2,"column":48}},"2":{"start":{"line":11,"column":21},"end":{"line":11,"column":51}},"3":{"start":{"line":7,"column":9},"end":{"line":7,"column":49}},"4":{"start":{"line":8,"column":9},"end":{"line":8,"column":58}},"5":{"start":{"line":9,"column":9},"end":{"line":9,"column":55}},"6":{"start":{"line":15,"column":3},"end":{"line":15,"column":33}},"7":{"start":{"line":16,"column":2},"end":{"line":19,"column":3}},"8":{"start":{"line":17,"column":3},"end":{"line":17,"column":77}},"9":{"start":{"line":18,"column":3},"end":{"line":18,"column":59}},"10":{"start":{"line":20,"column":2},"end":{"line":20,"column":36}},"11":{"start":{"line":24,"column":2},"end":{"line":43,"column":3}},"12":{"start":{"line":25,"column":3},"end":{"line":29,"column":4}},"13":{"start":{"line":27,"column":4},"end":{"line":27,"column":64}},"14":{"start":{"line":27,"column":39},"end":{"line":27,"column":62}},"15":{"start":{"line":28,"column":4},"end":{"line":28,"column":11}},"16":{"start":{"line":31,"column":3},"end":{"line":40,"column":6}},"17":{"start":{"line":32,"column":20},"end":{"line":32,"column":41}},"18":{"start":{"line":33,"column":26},"end":{"line":33,"column":46}},"19":{"start":{"line":35,"column":4},"end":{"line":39,"column":5}},"20":{"start":{"line":36,"column":5},"end":{"line":36,"column":26}},"21":{"start":{"line":37,"column":11},"end":{"line":39,"column":5}},"22":{"start":{"line":38,"column":5},"end":{"line":38,"column":29}},"23":{"start":{"line":42,"column":3},"end":{"line":42,"column":37}},"24":{"start":{"line":47,"column":2},"end":{"line":47,"column":62}},"25":{"start":{"line":47,"column":37},"end":{"line":47,"column":60}},"26":{"start":{"line":51,"column":2},"end":{"line":56,"column":3}},"27":{"start":{"line":52,"column":3},"end":{"line":54,"column":5}},"28":{"start":{"line":53,"column":4},"end":{"line":53,"column":35}},"29":{"start":{"line":55,"column":3},"end":{"line":55,"column":33}},"30":{"start":{"line":60,"column":2},"end":{"line":64,"column":4}},"31":{"start":{"line":65,"column":2},"end":{"line":65,"column":51}},"32":{"start":{"line":6,"column":0},"end":{"line":6,"column":13}}},"fnMap":{"0":{"name":"(anonymous_0)","decl":{"start":{"line":11,"column":1},"end":{"line":11,"column":21}},"loc":{"start":{"line":11,"column":51},"end":{"line":11,"column":55}}},"1":{"name":"(anonymous_1)","decl":{"start":{"line":13,"column":1},"end":{"line":13,"column":14}},"loc":{"start":{"line":13,"column":33},"end":{"line":21,"column":2}}},"2":{"name":"(anonymous_2)","decl":{"start":{"line":23,"column":1},"end":{"line":23,"column":13}},"loc":{"start":{"line":23,"column":47},"end":{"line":44,"column":2}}},"3":{"name":"(anonymous_3)","decl":{"start":{"line":27,"column":25},"end":{"line":27,"column":26}},"loc":{"start":{"line":27,"column":39},"end":{"line":27,"column":62}}},"4":{"name":"(anonymous_4)","decl":{"start":{"line":31,"column":24},"end":{"line":31,"column":25}},"loc":{"start":{"line":31,"column":44},"end":{"line":40,"column":4}}},"5":{"name":"(anonymous_5)","decl":{"start":{"line":46,"column":1},"end":{"line":46,"column":12}},"loc":{"start":{"line":46,"column":31},"end":{"line":48,"column":2}}},"6":{"name":"(anonymous_6)","decl":{"start":{"line":47,"column":23},"end":{"line":47,"column":24}},"loc":{"start":{"line":47,"column":37},"end":{"line":47,"column":60}}},"7":{"name":"(anonymous_7)","decl":{"start":{"line":50,"column":1},"end":{"line":50,"column":15}},"loc":{"start":{"line":50,"column":15},"end":{"line":57,"column":2}}},"8":{"name":"(anonymous_8)","decl":{"start":{"line":52,"column":33},"end":{"line":52,"column":34}},"loc":{"start":{"line":53,"column":4},"end":{"line":53,"column":35}}},"9":{"name":"(anonymous_9)","decl":{"start":{"line":59,"column":1},"end":{"line":59,"column":12}},"loc":{"start":{"line":59,"column":25},"end":{"line":66,"column":2}}}},"branchMap":{"0":{"loc":{"start":{"line":16,"column":2},"end":{"line":19,"column":3}},"type":"if","locations":[{"start":{"line":16,"column":2},"end":{"line":19,"column":3}}]},"1":{"loc":{"start":{"line":23,"column":34},"end":{"line":23,"column":47}},"type":"default-arg","locations":[{"start":{"line":23,"column":42},"end":{"line":23,"column":47}}]},"2":{"loc":{"start":{"line":24,"column":2},"end":{"line":43,"column":3}},"type":"if","locations":[{"start":{"line":24,"column":2},"end":{"line":43,"column":3}},{"start":{"line":41,"column":9},"end":{"line":43,"column":3}}]},"3":{"loc":{"start":{"line":24,"column":6},"end":{"line":24,"column":42}},"type":"binary-expr","locations":[{"start":{"line":24,"column":6},"end":{"line":24,"column":11}},{"start":{"line":24,"column":15},"end":{"line":24,"column":42}}]},"4":{"loc":{"start":{"line":25,"column":3},"end":{"line":29,"column":4}},"type":"if","locations":[{"start":{"line":25,"column":3},"end":{"line":29,"column":4}}]},"5":{"loc":{"start":{"line":35,"column":4},"end":{"line":39,"column":5}},"type":"if","locations":[{"start":{"line":35,"column":4},"end":{"line":39,"column":5}},{"start":{"line":37,"column":11},"end":{"line":39,"column":5}}]},"6":{"loc":{"start":{"line":35,"column":8},"end":{"line":35,"column":33}},"type":"binary-expr","locations":[{"start":{"line":35,"column":8},"end":{"line":35,"column":15}},{"start":{"line":35,"column":19},"end":{"line":35,"column":33}}]},"7":{"loc":{"start":{"line":37,"column":11},"end":{"line":39,"column":5}},"type":"if","locations":[{"start":{"line":37,"column":11},"end":{"line":39,"column":5}}]},"8":{"loc":{"start":{"line":37,"column":15},"end":{"line":37,"column":40}},"type":"binary-expr","locations":[{"start":{"line":37,"column":15},"end":{"line":37,"column":23}},{"start":{"line":37,"column":27},"end":{"line":37,"column":40}}]},"9":{"loc":{"start":{"line":51,"column":2},"end":{"line":56,"column":3}},"type":"if","locations":[{"start":{"line":51,"column":2},"end":{"line":56,"column":3}}]},"10":{"loc":{"start":{"line":65,"column":20},"end":{"line":65,"column":49}},"type":"binary-expr","locations":[{"start":{"line":65,"column":20},"end":{"line":65,"column":43}},{"start":{"line":65,"column":47},"end":{"line":65,"column":49}}]}},"s":{"0":1,"1":1,"2":21,"3":21,"4":21,"5":21,"6":10,"7":10,"8":10,"9":10,"10":10,"11":40,"12":40,"13":3,"14":0,"15":3,"16":37,"17":36,"18":36,"19":36,"20":12,"21":24,"22":4,"23":0,"24":2,"25":0,"26":10,"27":0,"28":0,"29":0,"30":16,"31":16,"32":1},"f":{"0":21,"1":10,"2":40,"3":0,"4":36,"5":2,"6":0,"7":10,"8":0,"9":16},"b":{"0":[10],"1":[40],"2":[40,0],"3":[40,40],"4":[3],"5":[12,24],"6":[36,15],"7":[4],"8":[24,21],"9":[0],"10":[16,0]}}
,"/Users/felixz/Projects/elics/src/System.ts": {"path":"/Users/felixz/Projects/elics/src/System.ts","statementMap":{"0":{"start":{"line":17,"column":18},"end":{"line":17,"column":30}},"1":{"start":{"line":18,"column":10},"end":{"line":18,"column":36}},"2":{"start":{"line":19,"column":9},"end":{"line":19,"column":28}},"3":{"start":{"line":13,"column":8},"end":{"line":13,"column":34}},"4":{"start":{"line":23,"column":2},"end":{"line":23,"column":28}},"5":{"start":{"line":27,"column":2},"end":{"line":27,"column":46}},"6":{"start":{"line":39,"column":2},"end":{"line":39,"column":24}},"7":{"start":{"line":43,"column":2},"end":{"line":43,"column":23}},"8":{"start":{"line":7,"column":0},"end":{"line":7,"column":13}},"9":{"start":{"line":8,"column":8},"end":{"line":8,"column":25}},"10":{"start":{"line":9,"column":8},"end":{"line":9,"column":null}}},"fnMap":{"0":{"name":"(anonymous_0)","decl":{"start":{"line":16,"column":1},"end":{"line":16,"column":null}},"loc":{"start":{"line":19,"column":29},"end":{"line":20,"column":5}}},"1":{"name":"(anonymous_1)","decl":{"start":{"line":22,"column":1},"end":{"line":22,"column":5}},"loc":{"start":{"line":22,"column":12},"end":{"line":24,"column":2}}},"2":{"name":"(anonymous_2)","decl":{"start":{"line":26,"column":1},"end":{"line":26,"column":12}},"loc":{"start":{"line":26,"column":25},"end":{"line":28,"column":2}}},"3":{"name":"(anonymous_3)","decl":{"start":{"line":30,"column":1},"end":{"line":30,"column":5}},"loc":{"start":{"line":30,"column":5},"end":{"line":32,"column":2}}},"4":{"name":"(anonymous_4)","decl":{"start":{"line":34,"column":1},"end":{"line":34,"column":7}},"loc":{"start":{"line":34,"column":37},"end":{"line":36,"column":2}}},"5":{"name":"(anonymous_5)","decl":{"start":{"line":38,"column":1},"end":{"line":38,"column":5}},"loc":{"start":{"line":38,"column":5},"end":{"line":40,"column":2}}},"6":{"name":"(anonymous_6)","decl":{"start":{"line":42,"column":1},"end":{"line":42,"column":5}},"loc":{"start":{"line":42,"column":5},"end":{"line":44,"column":2}}}},"branchMap":{"0":{"loc":{"start":{"line":19,"column":9},"end":{"line":19,"column":29}},"type":"default-arg","locations":[{"start":{"line":19,"column":28},"end":{"line":19,"column":29}}]}},"s":{"0":7,"1":7,"2":7,"3":7,"4":0,"5":9,"6":1,"7":1,"8":1,"9":1,"10":1},"f":{"0":7,"1":0,"2":9,"3":7,"4":0,"5":1,"6":1},"b":{"0":[5]}}
,"/Users/felixz/Projects/elics/src/Types.ts": {"path":"/Users/felixz/Projects/elics/src/Types.ts","statementMap":{"0":{"start":{"line":1,"column":0},"end":{"line":1,"column":null}},"1":{"start":{"line":2,"column":1},"end":{"line":2,"column":null}},"2":{"start":{"line":3,"column":1},"end":{"line":3,"column":null}},"3":{"start":{"line":4,"column":1},"end":{"line":4,"column":null}},"4":{"start":{"line":5,"column":1},"end":{"line":5,"column":null}},"5":{"start":{"line":6,"column":1},"end":{"line":6,"column":null}},"6":{"start":{"line":7,"column":1},"end":{"line":7,"column":null}},"7":{"start":{"line":8,"column":1},"end":{"line":8,"column":null}},"8":{"start":{"line":9,"column":1},"end":{"line":9,"column":null}},"9":{"start":{"line":10,"column":1},"end":{"line":10,"column":null}},"10":{"start":{"line":11,"column":1},"end":{"line":11,"column":null}},"11":{"start":{"line":21,"column":13},"end":{"line":34,"column":2}}},"fnMap":{"0":{"name":"(anonymous_0)","decl":{"start":{"line":1,"column":0},"end":{"line":1,"column":12}},"loc":{"start":{"line":1,"column":17},"end":{"line":12,"column":1}}}},"branchMap":{"0":{"loc":{"start":{"line":1,"column":12},"end":{"line":1,"column":null}},"type":"binary-expr","locations":[{"start":{"line":1,"column":12},"end":{"line":1,"column":17}},{"start":{"line":1,"column":17},"end":{"line":1,"column":null}}]}},"s":{"0":1,"1":1,"2":1,"3":1,"4":1,"5":1,"6":1,"7":1,"8":1,"9":1,"10":1,"11":1},"f":{"0":1},"b":{"0":[1,1]}}
,"/Users/felixz/Projects/elics/src/World.ts": {"path":"/Users/felixz/Projects/elics/src/World.ts","statementMap":{"0":{"start":{"line":1,"column":0},"end":{"line":1,"column":68}},"1":{"start":{"line":2,"column":0},"end":{"line":2,"column":75}},"2":{"start":{"line":7,"column":0},"end":{"line":7,"column":57}},"3":{"start":{"line":8,"column":0},"end":{"line":8,"column":51}},"4":{"start":{"line":9,"column":0},"end":{"line":9,"column":49}},"5":{"start":{"line":21,"column":9},"end":{"line":21,"column":32}},"6":{"start":{"line":22,"column":8},"end":{"line":22,"column":52}},"7":{"start":{"line":23,"column":10},"end":{"line":23,"column":47}},"8":{"start":{"line":30,"column":2},"end":{"line":30,"column":63}},"9":{"start":{"line":31,"column":2},"end":{"line":31,"column":62}},"10":{"start":{"line":32,"column":2},"end":{"line":36,"column":4}},"11":{"start":{"line":37,"column":2},"end":{"line":37,"column":25}},"12":{"start":{"line":41,"column":2},"end":{"line":41,"column":58}},"13":{"start":{"line":42,"column":2},"end":{"line":42,"column":14}},"14":{"start":{"line":46,"column":2},"end":{"line":46,"column":52}},"15":{"start":{"line":53,"column":2},"end":{"line":57,"column":4}},"16":{"start":{"line":54,"column":34},"end":{"line":54,"column":63}},"17":{"start":{"line":59,"column":44},"end":{"line":59,"column":46}},"18":{"start":{"line":61,"column":2},"end":{"line":63,"column":5}},"19":{"start":{"line":62,"column":3},"end":{"line":62,"column":69}},"20":{"start":{"line":65,"column":25},"end":{"line":65,"column":75}},"21":{"start":{"line":67,"column":2},"end":{"line":67,"column":35}},"22":{"start":{"line":68,"column":2},"end":{"line":68,"column":24}},"23":{"start":{"line":71,"column":22},"end":{"line":72,"column":null}},"24":{"start":{"line":72,"column":10},"end":{"line":72,"column":46}},"25":{"start":{"line":75,"column":2},"end":{"line":79,"column":3}},"26":{"start":{"line":76,"column":3},"end":{"line":76,"column":37}},"27":{"start":{"line":78,"column":3},"end":{"line":78,"column":55}},"28":{"start":{"line":81,"column":2},"end":{"line":81,"column":14}},"29":{"start":{"line":85,"column":2},"end":{"line":87,"column":4}},"30":{"start":{"line":86,"column":15},"end":{"line":86,"column":47}},"31":{"start":{"line":91,"column":2},"end":{"line":91,"column":47}},"32":{"start":{"line":92,"column":2},"end":{"line":92,"column":14}},"33":{"start":{"line":96,"column":2},"end":{"line":100,"column":5}},"34":{"start":{"line":97,"column":3},"end":{"line":99,"column":4}},"35":{"start":{"line":98,"column":4},"end":{"line":98,"column":31}},"36":{"start":{"line":101,"column":2},"end":{"line":101,"column":37}},"37":{"start":{"line":107,"column":2},"end":{"line":111,"column":3}},"38":{"start":{"line":108,"column":3},"end":{"line":110,"column":4}},"39":{"start":{"line":109,"column":4},"end":{"line":109,"column":23}},"40":{"start":{"line":112,"column":2},"end":{"line":112,"column":19}},"41":{"start":{"line":116,"column":2},"end":{"line":116,"column":27}},"42":{"start":{"line":17,"column":0},"end":{"line":17,"column":13}}},"fnMap":{"0":{"name":"(anonymous_0)","decl":{"start":{"line":25,"column":1},"end":{"line":25,"column":13}},"loc":{"start":{"line":29,"column":30},"end":{"line":38,"column":2}}},"1":{"name":"(anonymous_1)","decl":{"start":{"line":40,"column":1},"end":{"line":40,"column":18}},"loc":{"start":{"line":40,"column":55},"end":{"line":43,"column":2}}},"2":{"name":"(anonymous_2)","decl":{"start":{"line":45,"column":1},"end":{"line":45,"column":13}},"loc":{"start":{"line":45,"column":13},"end":{"line":47,"column":2}}},"3":{"name":"(anonymous_3)","decl":{"start":{"line":49,"column":1},"end":{"line":49,"column":15}},"loc":{"start":{"line":51,"column":19},"end":{"line":82,"column":2}}},"4":{"name":"(anonymous_4)","decl":{"start":{"line":54,"column":22},"end":{"line":54,"column":23}},"loc":{"start":{"line":54,"column":34},"end":{"line":54,"column":63}}},"5":{"name":"(anonymous_5)","decl":{"start":{"line":61,"column":46},"end":{"line":61,"column":47}},"loc":{"start":{"line":61,"column":75},"end":{"line":63,"column":3}}},"6":{"name":"(anonymous_6)","decl":{"start":{"line":72,"column":3},"end":{"line":72,"column":4}},"loc":{"start":{"line":72,"column":10},"end":{"line":72,"column":46}}},"7":{"name":"(anonymous_7)","decl":{"start":{"line":84,"column":1},"end":{"line":84,"column":17}},"loc":{"start":{"line":84,"column":69},"end":{"line":88,"column":2}}},"8":{"name":"(anonymous_8)","decl":{"start":{"line":86,"column":3},"end":{"line":86,"column":4}},"loc":{"start":{"line":86,"column":15},"end":{"line":86,"column":47}}},"9":{"name":"(anonymous_9)","decl":{"start":{"line":90,"column":1},"end":{"line":90,"column":14}},"loc":{"start":{"line":90,"column":39},"end":{"line":93,"column":2}}},"10":{"name":"(anonymous_10)","decl":{"start":{"line":95,"column":1},"end":{"line":95,"column":7}},"loc":{"start":{"line":95,"column":35},"end":{"line":102,"column":2}}},"11":{"name":"(anonymous_11)","decl":{"start":{"line":96,"column":23},"end":{"line":96,"column":24}},"loc":{"start":{"line":96,"column":34},"end":{"line":100,"column":3}}},"12":{"name":"(anonymous_12)","decl":{"start":{"line":104,"column":1},"end":{"line":104,"column":10}},"loc":{"start":{"line":105,"column":35},"end":{"line":113,"column":2}}},"13":{"name":"(anonymous_13)","decl":{"start":{"line":115,"column":1},"end":{"line":115,"column":11}},"loc":{"start":{"line":115,"column":11},"end":{"line":117,"column":2}}}},"branchMap":{"0":{"loc":{"start":{"line":25,"column":13},"end":{"line":29,"column":30}},"type":"default-arg","locations":[{"start":{"line":29,"column":28},"end":{"line":29,"column":30}}]},"1":{"loc":{"start":{"line":26,"column":2},"end":{"line":26,"column":23}},"type":"default-arg","locations":[{"start":{"line":26,"column":19},"end":{"line":26,"column":23}}]},"2":{"loc":{"start":{"line":27,"column":2},"end":{"line":27,"column":17}},"type":"default-arg","locations":[{"start":{"line":27,"column":13},"end":{"line":27,"column":17}}]},"3":{"loc":{"start":{"line":28,"column":2},"end":{"line":28,"column":31}},"type":"default-arg","locations":[{"start":{"line":28,"column":26},"end":{"line":28,"column":31}}]},"4":{"loc":{"start":{"line":75,"column":2},"end":{"line":79,"column":3}},"type":"if","locations":[{"start":{"line":75,"column":2},"end":{"line":79,"column":3}},{"start":{"line":77,"column":9},"end":{"line":79,"column":3}}]},"5":{"loc":{"start":{"line":97,"column":3},"end":{"line":99,"column":4}},"type":"if","locations":[{"start":{"line":97,"column":3},"end":{"line":99,"column":4}}]},"6":{"loc":{"start":{"line":108,"column":3},"end":{"line":110,"column":4}},"type":"if","locations":[{"start":{"line":108,"column":3},"end":{"line":110,"column":4}}]}},"s":{"0":1,"1":1,"2":1,"3":1,"4":1,"5":21,"6":21,"7":21,"8":21,"9":21,"10":21,"11":21,"12":127,"13":127,"14":25,"15":7,"16":2,"17":7,"18":7,"19":4,"20":7,"21":7,"22":7,"23":7,"24":2,"25":7,"26":6,"27":1,"28":7,"29":0,"30":0,"31":0,"32":0,"33":10,"34":14,"35":13,"36":10,"37":1,"38":1,"39":1,"40":0,"41":0,"42":1},"f":{"0":21,"1":127,"2":25,"3":7,"4":2,"5":4,"6":2,"7":0,"8":0,"9":0,"10":10,"11":14,"12":1,"13":0},"b":{"0":[21],"1":[21],"2":[21],"3":[21],"4":[6,1],"5":[13],"6":[1]}}
}
