TN:
SF:src/Checks.ts
FN:3,toggleChecks
FN:7,(anonymous_1)
FN:17,assertCondition
FNF:3
FNH:3
FNDA:21,toggleChecks
FNDA:1,(anonymous_1)
FNDA:409,assertCondition
DA:1,1
DA:3,1
DA:4,21
DA:7,1
DA:8,1
DA:9,1
DA:10,1
DA:11,1
DA:12,1
DA:13,1
DA:14,1
DA:17,1
DA:22,409
DA:23,0
LF:14
LH:13
BRDA:7,0,0,1
BRDA:7,0,1,1
BRDA:22,1,0,0
BRDA:22,2,0,409
BRDA:22,2,1,409
BRF:5
BRH:4
end_of_record
TN:
SF:src/Component.ts
FN:16,(anonymous_0)
FN:34,(anonymous_1)
FN:13,(anonymous_2)
FN:14,(anonymous_3)
FNF:4
FNH:4
FNDA:127,(anonymous_0)
FNDA:35,(anonymous_1)
FNDA:4,(anonymous_2)
FNDA:33,(anonymous_3)
DA:1,1
DA:2,1
DA:8,1
DA:9,1
DA:10,1
DA:11,1
DA:12,1
DA:13,1
DA:14,1
DA:17,127
DA:18,127
DA:20,127
DA:23,149
DA:24,149
DA:25,149
DA:26,149
DA:35,35
DA:38,51
DA:39,51
DA:40,41
DA:42,10
DA:43,22
LF:22
LH:22
BRDA:27,0,0,149
BRDA:27,0,1,42
BRDA:39,1,0,41
BRDA:39,1,1,10
BRDA:40,2,0,12
BRDA:40,2,1,29
BRDA:40,3,0,41
BRDA:40,3,1,41
BRDA:44,4,0,14
BRDA:44,4,1,8
BRDA:44,5,0,22
BRDA:44,5,1,22
BRDA:44,6,0,8
BRDA:44,6,1,14
BRDA:44,7,0,22
BRDA:44,7,1,22
BRF:16
BRH:16
end_of_record
TN:
SF:src/ComponentManager.ts
FN:8,(anonymous_1)
FN:10,(anonymous_2)
FN:19,(anonymous_3)
FN:27,(anonymous_4)
FN:31,(anonymous_5)
FNF:5
FNH:4
FNDA:21,(anonymous_1)
FNDA:127,(anonymous_2)
FNDA:35,(anonymous_3)
FNDA:1,(anonymous_4)
FNDA:0,(anonymous_5)
DA:1,1
DA:4,1
DA:5,21
DA:6,21
DA:8,21
DA:11,127
DA:12,127
DA:13,127
DA:14,127
DA:15,127
DA:16,127
DA:24,35
DA:28,1
DA:32,0
LF:14
LH:13
BRDA:22,0,0,0
BRF:1
BRH:0
end_of_record
TN:
SF:src/Entity.ts
FN:39,(anonymous_1)
FN:46,(anonymous_2)
FN:67,(anonymous_3)
FN:80,(anonymous_4)
FN:89,(anonymous_5)
FN:92,(anonymous_6)
FN:96,(anonymous_7)
FN:100,(anonymous_8)
FN:109,(anonymous_9)
FN:126,(anonymous_10)
FNF:10
FNH:8
FNDA:24,(anonymous_1)
FNDA:35,(anonymous_2)
FNDA:5,(anonymous_3)
FNDA:6,(anonymous_4)
FNDA:0,(anonymous_5)
FNDA:0,(anonymous_6)
FNDA:40,(anonymous_7)
FNDA:16,(anonymous_8)
FNDA:8,(anonymous_9)
FNDA:2,(anonymous_10)
DA:3,1
DA:7,1
DA:8,1
DA:33,1
DA:34,24
DA:35,24
DA:36,24
DA:40,24
DA:41,24
DA:42,24
DA:43,24
DA:50,35
DA:51,35
DA:56,35
DA:57,35
DA:62,35
DA:63,35
DA:64,35
DA:68,5
DA:69,5
DA:74,5
DA:75,5
DA:76,5
DA:77,5
DA:81,6
DA:86,6
DA:90,0
DA:91,0
DA:92,0
DA:97,40
DA:105,16
DA:106,16
DA:110,8
DA:111,8
DA:112,2
DA:114,6
DA:115,6
DA:116,6
DA:117,6
DA:118,6
DA:119,6
DA:121,6
DA:122,6
DA:127,2
DA:128,2
DA:129,2
DA:130,2
DA:131,2
DA:132,1
DA:134,2
DA:135,2
LF:51
LH:48
BRDA:48,0,0,22
BRDA:97,1,0,0
BRDA:97,1,1,40
BRDA:97,2,0,40
BRDA:97,2,1,40
BRDA:110,3,0,6
BRDA:110,3,1,2
BRDA:110,4,0,8
BRDA:110,4,1,8
BRDA:111,5,0,2
BRDA:111,5,1,6
BRDA:118,6,0,6
BRF:12
BRH:11
end_of_record
TN:
SF:src/EntityManager.ts
FN:10,(anonymous_0)
FN:16,(anonymous_1)
FN:33,(anonymous_2)
FNF:3
FNH:3
FNDA:21,(anonymous_0)
FNDA:25,(anonymous_1)
FNDA:2,(anonymous_2)
DA:6,1
DA:7,21
DA:8,21
DA:11,21
DA:12,21
DA:13,21
DA:18,25
DA:19,1
DA:20,1
DA:22,24
DA:30,25
DA:34,2
LF:12
LH:12
BRDA:18,0,0,1
BRDA:18,0,1,24
BRF:2
BRH:2
end_of_record
TN:
SF:src/Query.ts
FN:12,(anonymous_1)
FN:18,(anonymous_2)
FN:27,(anonymous_3)
FN:30,(anonymous_4)
FN:33,(anonymous_5)
FNF:5
FNH:5
FNDA:10,(anonymous_1)
FNDA:36,(anonymous_2)
FNDA:10,(anonymous_3)
FNDA:16,(anonymous_4)
FNDA:2,(anonymous_5)
DA:3,1
DA:11,1
DA:13,10
DA:14,10
DA:15,10
DA:19,36
DA:22,36
DA:24,36
DA:28,10
DA:29,10
DA:30,10
DA:31,16
DA:33,10
DA:34,2
DA:36,10
LF:15
LH:15
BRDA:24,0,0,36
BRDA:24,0,1,17
BRDA:33,1,0,8
BRDA:33,1,1,2
BRDA:33,2,0,10
BRDA:33,2,1,10
BRF:6
BRH:6
end_of_record
TN:
SF:src/QueryManager.ts
FN:11,(anonymous_0)
FN:13,(anonymous_1)
FN:23,(anonymous_2)
FN:27,(anonymous_3)
FN:31,(anonymous_4)
FN:46,(anonymous_5)
FN:47,(anonymous_6)
FN:50,(anonymous_7)
FN:52,(anonymous_8)
FN:59,(anonymous_9)
FNF:10
FNH:7
FNDA:21,(anonymous_0)
FNDA:10,(anonymous_1)
FNDA:40,(anonymous_2)
FNDA:0,(anonymous_3)
FNDA:36,(anonymous_4)
FNDA:2,(anonymous_5)
FNDA:0,(anonymous_6)
FNDA:10,(anonymous_7)
FNDA:0,(anonymous_8)
FNDA:16,(anonymous_9)
DA:1,1
DA:2,1
DA:6,1
DA:7,21
DA:8,21
DA:9,21
DA:11,21
DA:15,10
DA:16,10
DA:17,10
DA:18,10
DA:20,10
DA:24,40
DA:25,40
DA:27,3
DA:28,3
DA:31,37
DA:32,36
DA:33,36
DA:35,36
DA:36,12
DA:37,24
DA:38,4
DA:42,0
DA:47,2
DA:51,10
DA:52,0
DA:53,0
DA:55,0
DA:60,16
DA:65,16
LF:31
LH:27
BRDA:16,0,0,10
BRDA:23,1,0,40
BRDA:24,2,0,40
BRDA:24,2,1,0
BRDA:24,3,0,40
BRDA:24,3,1,40
BRDA:25,4,0,3
BRDA:35,5,0,12
BRDA:35,5,1,24
BRDA:35,6,0,36
BRDA:35,6,1,15
BRDA:37,7,0,4
BRDA:37,8,0,24
BRDA:37,8,1,21
BRDA:51,9,0,0
BRDA:65,10,0,16
BRDA:65,10,1,0
BRF:17
BRH:14
end_of_record
TN:
SF:src/System.ts
FN:16,(anonymous_0)
FN:22,(anonymous_1)
FN:26,(anonymous_2)
FN:30,(anonymous_3)
FN:34,(anonymous_4)
FN:38,(anonymous_5)
FN:42,(anonymous_6)
FNF:7
FNH:5
FNDA:7,(anonymous_0)
FNDA:0,(anonymous_1)
FNDA:9,(anonymous_2)
FNDA:7,(anonymous_3)
FNDA:0,(anonymous_4)
FNDA:1,(anonymous_5)
FNDA:1,(anonymous_6)
DA:7,1
DA:8,1
DA:9,1
DA:13,7
DA:17,7
DA:18,7
DA:19,7
DA:23,0
DA:27,9
DA:39,1
DA:43,1
LF:11
LH:10
BRDA:19,0,0,5
BRF:1
BRH:1
end_of_record
TN:
SF:src/Types.ts
FN:1,(anonymous_0)
FNF:1
FNH:1
FNDA:1,(anonymous_0)
DA:1,1
DA:2,1
DA:3,1
DA:4,1
DA:5,1
DA:6,1
DA:7,1
DA:8,1
DA:9,1
DA:10,1
DA:11,1
DA:21,1
LF:12
LH:12
BRDA:1,0,0,1
BRDA:1,0,1,1
BRF:2
BRH:2
end_of_record
TN:
SF:src/World.ts
FN:25,(anonymous_0)
FN:40,(anonymous_1)
FN:45,(anonymous_2)
FN:49,(anonymous_3)
FN:54,(anonymous_4)
FN:61,(anonymous_5)
FN:72,(anonymous_6)
FN:84,(anonymous_7)
FN:86,(anonymous_8)
FN:90,(anonymous_9)
FN:95,(anonymous_10)
FN:96,(anonymous_11)
FN:104,(anonymous_12)
FN:115,(anonymous_13)
FNF:14
FNH:10
FNDA:21,(anonymous_0)
FNDA:127,(anonymous_1)
FNDA:25,(anonymous_2)
FNDA:7,(anonymous_3)
FNDA:2,(anonymous_4)
FNDA:4,(anonymous_5)
FNDA:2,(anonymous_6)
FNDA:0,(anonymous_7)
FNDA:0,(anonymous_8)
FNDA:0,(anonymous_9)
FNDA:10,(anonymous_10)
FNDA:14,(anonymous_11)
FNDA:1,(anonymous_12)
FNDA:0,(anonymous_13)
DA:1,1
DA:2,1
DA:7,1
DA:8,1
DA:9,1
DA:17,1
DA:21,21
DA:22,21
DA:23,21
DA:30,21
DA:31,21
DA:32,21
DA:37,21
DA:41,127
DA:42,127
DA:46,25
DA:53,7
DA:54,2
DA:59,7
DA:61,7
DA:62,4
DA:65,7
DA:67,7
DA:68,7
DA:71,7
DA:72,2
DA:75,7
DA:76,6
DA:78,1
DA:81,7
DA:85,0
DA:86,0
DA:91,0
DA:92,0
DA:96,10
DA:97,14
DA:98,13
DA:101,10
DA:107,1
DA:108,1
DA:109,1
DA:112,0
DA:116,0
LF:43
LH:37
BRDA:25,0,0,21
BRDA:26,1,0,21
BRDA:27,2,0,21
BRDA:28,3,0,21
BRDA:75,4,0,6
BRDA:75,4,1,1
BRDA:97,5,0,13
BRDA:108,6,0,1
BRF:8
BRH:8
end_of_record
